<?xml version="1.0" encoding="utf-8"?><testsuites name="pytest tests"><testsuite name="pytest" errors="0" failures="0" skipped="0" tests="10" time="7.852" timestamp="2026-07-02T22:00:09.817218+00:00" hostname="agent-env-27705287-0ddc-4ba9-be08-9a78a3c87ac4"><testcase classname="backend.tests.test_iteration9_features" name="test_auth_me_contains_username_for_demo_users" time="1.373" /><testcase classname="backend.tests.test_iteration9_features" name="test_register_auto_generates_username" time="0.323" /><testcase classname="backend.tests.test_iteration9_features" name="test_username_change_invalid_returns_400" time="0.961" /><testcase classname="backend.tests.test_iteration9_features" name="test_username_change_success_then_cooldown_429" time="0.647" /><testcase classname="backend.tests.test_iteration9_features" name="test_username_change_duplicate_returns_409" time="0.850" /><testcase classname="backend.tests.test_iteration9_features" name="test_demo_king_cooldown_verification" time="0.575" /><testcase classname="backend.tests.test_iteration9_features" name="test_user_public_endpoint_includes_username" time="1.026" /><testcase classname="backend.tests.test_iteration9_features" name="test_partners_list_includes_username" time="0.494" /><testcase classname="backend.tests.test_iteration9_features" name="test_chats_partner_includes_username" time="0.485" /><testcase classname="backend.tests.test_iteration9_features" name="test_regression_core_endpoints" time="1.046" /></testsuite></testsuites>