<?xml version="1.0" encoding="utf-8"?><testsuites name="pytest tests"><testsuite name="pytest" errors="0" failures="0" skipped="0" tests="12" time="3.568" timestamp="2026-07-02T20:28:53.805090+00:00" hostname="agent-env-27705287-0ddc-4ba9-be08-9a78a3c87ac4"><testcase classname="backend.tests.test_iteration6_features.TestMarketTopup" name="test_topup_valid_500_adds_coins" time="0.973" /><testcase classname="backend.tests.test_iteration6_features.TestMarketTopup" name="test_topup_all_valid_amounts" time="0.764" /><testcase classname="backend.tests.test_iteration6_features.TestMarketTopup" name="test_topup_invalid_amount_250_returns_400" time="0.176" /><testcase classname="backend.tests.test_iteration6_features.TestMarketTopup" name="test_topup_invalid_amount_0" time="0.130" /><testcase classname="backend.tests.test_iteration6_features.TestMarketTopup" name="test_topup_requires_auth" time="0.097" /><testcase classname="backend.tests.test_iteration6_features.TestMomentsLikers" name="test_list_moments_includes_likers" time="0.111" /><testcase classname="backend.tests.test_iteration6_features.TestMomentsLikers" name="test_moment_detail_includes_likers" time="0.212" /><testcase classname="backend.tests.test_iteration6_features.TestMomentsLikers" name="test_likes_endpoint_returns_full_cards" time="0.628" /><testcase classname="backend.tests.test_iteration6_features.TestMomentsLikers" name="test_likes_endpoint_unknown_moment_404" time="0.100" /><testcase classname="backend.tests.test_iteration6_features.TestMomentsLikers" name="test_moment_detail_unknown_404" time="0.103" /><testcase classname="backend.tests.test_iteration6_features.TestMarketBuyRegression" name="test_market_catalog_still_returns_items" time="0.092" /><testcase classname="backend.tests.test_iteration6_features.TestMarketBuyRegression" name="test_buy_bad_item_returns_404" time="0.098" /></testsuite></testsuites>