<?xml version="1.0" encoding="utf-8"?><testsuites name="pytest tests"><testsuite name="pytest" errors="0" failures="0" skipped="0" tests="10" time="5.823" timestamp="2026-06-11T06:41:18.552601+00:00" hostname="agent-env-7a582e04-bd2d-4c44-9f5a-1d265fe3e741"><testcase classname="tests.test_api" name="test_register_login_me" time="0.676" /><testcase classname="tests.test_api" name="test_me_requires_token" time="0.003" /><testcase classname="tests.test_api" name="test_update_profile" time="0.227" /><testcase classname="tests.test_api" name="test_partners_listing" time="0.230" /><testcase classname="tests.test_api" name="test_chat_flow" time="0.462" /><testcase classname="tests.test_api" name="test_moments_flow" time="0.240" /><testcase classname="tests.test_api" name="test_ai_translate" time="2.084" /><testcase classname="tests.test_api" name="test_ai_correct" time="1.071" /><testcase classname="tests.test_websocket" name="test_ws_invalid_token_rejected" time="0.011" /><testcase classname="tests.test_websocket" name="test_ws_receives_new_message_event" time="0.760" /></testsuite></testsuites>